=== OpenSSL ECIES extension configurator ===
"clang -o conftest -I/Users/mrezentes/.rbenv/versions/2.1.5/include/ruby-2.1.0/x86_64-darwin14.0 -I/Users/mrezentes/.rbenv/versions/2.1.5/include/ruby-2.1.0/ruby/backward -I/Users/mrezentes/.rbenv/versions/2.1.5/include/ruby-2.1.0 -I. -I/Users/mrezentes/.rbenv/versions/2.1.5/include  -D_XOPEN_SOURCE -D_DARWIN_C_SOURCE -D_DARWIN_UNLIMITED_SELECT -D_REENTRANT    -O3 -Wno-error=shorten-64-to-32  -pipe conftest.c  -L. -L/Users/mrezentes/.rbenv/versions/2.1.5/lib -lssl -lcrypto -lz     -lruby-static -framework CoreFoundation  -lpthread -ldl -lobjc "
checked program was:
/* begin */
1: #include "ruby.h"
2: 
3: int main(int argc, char **argv)
4: {
5:   return 0;
6: }
/* end */

"clang -o conftest -I/Users/mrezentes/.rbenv/versions/2.1.5/include/ruby-2.1.0/x86_64-darwin14.0 -I/Users/mrezentes/.rbenv/versions/2.1.5/include/ruby-2.1.0/ruby/backward -I/Users/mrezentes/.rbenv/versions/2.1.5/include/ruby-2.1.0 -I. -I/Users/mrezentes/.rbenv/versions/2.1.5/include  -D_XOPEN_SOURCE -D_DARWIN_C_SOURCE -D_DARWIN_UNLIMITED_SELECT -D_REENTRANT    -O3 -Wno-error=shorten-64-to-32  -pipe conftest.c  -L. -L/Users/mrezentes/.rbenv/versions/2.1.5/lib -lssl -lcrypto -lz     -lruby-static -framework CoreFoundation  -lpthread -ldl -lobjc "
checked program was:
/* begin */
1: #include "ruby.h"
2: 
3: int main() {return 0;}
/* end */

package configuration for openssl
cflags: 
ldflags: 
libs: -lssl -lcrypto -lz

have_header: checking for openssl/ssl.h... -------------------- no

"clang -E -I/Users/mrezentes/.rbenv/versions/2.1.5/include/ruby-2.1.0/x86_64-darwin14.0 -I/Users/mrezentes/.rbenv/versions/2.1.5/include/ruby-2.1.0/ruby/backward -I/Users/mrezentes/.rbenv/versions/2.1.5/include/ruby-2.1.0 -I. -I/Users/mrezentes/.rbenv/versions/2.1.5/include  -D_XOPEN_SOURCE -D_DARWIN_C_SOURCE -D_DARWIN_UNLIMITED_SELECT -D_REENTRANT    -O3 -Wno-error=shorten-64-to-32  -pipe   conftest.c -o conftest.i"
conftest.c:3:10: fatal error: 'openssl/ssl.h' file not found
#include <openssl/ssl.h>
         ^
1 error generated.
checked program was:
/* begin */
1: #include "ruby.h"
2: 
3: #include <openssl/ssl.h>
/* end */

--------------------

have_header: checking for openssl/ssl.h... -------------------- no

"clang -E -I/Users/mrezentes/.rbenv/versions/2.1.5/include/ruby-2.1.0/x86_64-darwin14.0 -I/Users/mrezentes/.rbenv/versions/2.1.5/include/ruby-2.1.0/ruby/backward -I/Users/mrezentes/.rbenv/versions/2.1.5/include/ruby-2.1.0 -I. -I/Users/mrezentes/.rbenv/versions/2.1.5/include  -D_XOPEN_SOURCE -D_DARWIN_C_SOURCE -D_DARWIN_UNLIMITED_SELECT -D_REENTRANT    -O3 -Wno-error=shorten-64-to-32  -pipe   conftest.c -o conftest.i"
conftest.c:3:10: fatal error: 'openssl/ssl.h' file not found
#include <openssl/ssl.h>
         ^
1 error generated.
checked program was:
/* begin */
1: #include "ruby.h"
2: 
3: #include <openssl/ssl.h>
/* end */

--------------------

=== Checking for required stuff failed. ===
Makefile wasn't created. Fix the errors above.
